\BOOKMARK [1][-]{section.1}{1. Introduction}{}% 1
\BOOKMARK [2][-]{subsection.1.1}{1.1. Berkovich skeleta.}{section.1}% 2
\BOOKMARK [2][-]{subsection.1.2}{1.2. The skeleton of a log-regular model.}{section.1}% 3
\BOOKMARK [2][-]{subsection.1.3}{1.3. The essential skeleton.}{section.1}% 4
\BOOKMARK [2][-]{subsection.1.4}{1.4. The essential skeleton of the Hilbert scheme of n points on a K3 surface.}{section.1}% 5
\BOOKMARK [2][-]{subsection.1.5}{1.5. A sketch of the proof.}{section.1}% 6
\BOOKMARK [2][-]{subsection.1.6}{1.6. Notation.}{section.1}% 7
\BOOKMARK [1][-]{section.2}{2. The Kato fan of a log-regular log scheme}{}% 8
\BOOKMARK [2][-]{subsection.2.1}{2.1. Some reminders about the fibred product of fs log schemes}{section.2}% 9
\BOOKMARK [2][-]{subsection.2.2}{2.2. Definition of Kato fans.}{section.2}% 10
\BOOKMARK [2][-]{subsection.2.3}{2.3. Kato fans associated to log-regular log schemes.}{section.2}% 11
\BOOKMARK [2][-]{subsection.2.4}{2.4. Functoriality and fibred products of associated Kato fans.}{section.2}% 12
\BOOKMARK [2][-]{subsection.2.5}{2.5. Resolutions of log schemes via Kato fan subdivisions.}{section.2}% 13
\BOOKMARK [2][-]{subsection.2.6}{2.6. Semistability and Kato fans associated to the fibred products.}{section.2}% 14
\BOOKMARK [1][-]{section.3}{3. The skeleton of a log-regular log scheme}{}% 15
\BOOKMARK [2][-]{subsection.3.1}{3.1. Construction of the skeleton of a log-regular log scheme.}{section.3}% 16
\BOOKMARK [2][-]{subsection.3.2}{3.2. Embedding the skeleton in the non-archimedean generic fiber.}{section.3}% 17
\BOOKMARK [2][-]{subsection.3.3}{3.3. Contracting the generic fibre to the skeleton.}{section.3}% 18
\BOOKMARK [2][-]{subsection.3.4}{3.4. Skeleton of a fs fibred product.}{section.3}% 19
\BOOKMARK [1][-]{section.4}{4. The weight function on a log-regular log scheme}{}% 20
\BOOKMARK [2][-]{subsection.4.1}{4.1. Weight function on log-regular skeleta.}{section.4}% 21
\BOOKMARK [2][-]{subsection.4.2}{4.2. Weight function on skeleta associated to fs fibred products.}{section.4}% 22
\BOOKMARK [2][-]{subsection.4.3}{4.3. Kontsevich-Soibelman skeleta of fs fibred products.}{section.4}% 23
\BOOKMARK [2][-]{subsection.4.4}{4.4. Essential skeleta of products of CY varieties.}{section.4}% 24
\BOOKMARK [1][-]{section.5}{5. The analytification of the n-th symmetric product.}{}% 25
\BOOKMARK [2][-]{subsection.5.1}{5.1. Analytification of the quotient.}{section.5}% 26
\BOOKMARK [2][-]{subsection.5.2}{5.2. Representation of divisorial points of the quotient.}{section.5}% 27
\BOOKMARK [2][-]{subsection.5.3}{5.3. Weight function values along fibres of the quotient.}{section.5}% 28
\BOOKMARK [2][-]{subsection.5.4}{5.4. Kontsevich-Soibelman skeleta of the quotient.}{section.5}% 29
\BOOKMARK [2][-]{subsection.5.5}{5.5. Essential skeleton of the n-th symmetric product of a CY variety.}{section.5}% 30
\BOOKMARK [1][-]{section.6}{6. The essential skeleton of the Hilbert scheme of a K3 surface}{}% 31
\BOOKMARK [1][-]{section*.1}{References}{}% 32
